2024-04-08T20:04:08.120+02:00  INFO 460340 --- [restartedMain] t.b.t.TauschboerseApplication            : Starting TauschboerseApplication using Java 17.0.1 with PID 460340 (C:\boerse\tauschboerse\target\classes started by daysn in C:\boerse\tauschboerse)
2024-04-08T20:04:08.120+02:00  INFO 460340 --- [restartedMain] t.b.t.TauschboerseApplication            : No active profile set, falling back to 1 default profile: "default"
2024-04-08T20:04:08.246+02:00  INFO 460340 --- [restartedMain] .s.d.r.c.RepositoryConfigurationDelegate : Bootstrapping Spring Data JPA repositories in DEFAULT mode.
2024-04-08T20:04:08.262+02:00  INFO 460340 --- [restartedMain] .s.d.r.c.RepositoryConfigurationDelegate : Finished Spring Data repository scanning in 15 ms. Found 5 JPA repository interfaces.
2024-04-08T20:04:08.396+02:00  INFO 460340 --- [restartedMain] o.s.b.w.embedded.tomcat.TomcatWebServer  : Tomcat initialized with port 8085 (http)
2024-04-08T20:04:08.398+02:00  INFO 460340 --- [restartedMain] o.apache.catalina.core.StandardService   : Starting service [Tomcat]
2024-04-08T20:04:08.398+02:00  INFO 460340 --- [restartedMain] o.apache.catalina.core.StandardEngine    : Starting Servlet engine: [Apache Tomcat/10.1.19]
2024-04-08T20:04:08.422+02:00  INFO 460340 --- [restartedMain] o.a.c.c.C.[Tomcat].[localhost].[/]       : Initializing Spring embedded WebApplicationContext
2024-04-08T20:04:08.422+02:00  INFO 460340 --- [restartedMain] w.s.c.ServletWebServerApplicationContext : Root WebApplicationContext: initialization completed in 300 ms
2024-04-08T20:04:08.441+02:00  INFO 460340 --- [restartedMain] o.hibernate.jpa.internal.util.LogHelper  : HHH000204: Processing PersistenceUnitInfo [name: default]
2024-04-08T20:04:08.444+02:00  INFO 460340 --- [restartedMain] o.h.c.internal.RegionFactoryInitiator    : HHH000026: Second-level cache disabled
2024-04-08T20:04:08.448+02:00  INFO 460340 --- [restartedMain] o.s.o.j.p.SpringPersistenceUnitInfo      : No LoadTimeWeaver setup: ignoring JPA class transformer
2024-04-08T20:04:08.450+02:00  INFO 460340 --- [restartedMain] com.zaxxer.hikari.HikariDataSource       : HikariPool-9 - Starting...
2024-04-08T20:04:08.453+02:00  INFO 460340 --- [restartedMain] com.zaxxer.hikari.pool.HikariPool        : HikariPool-9 - Added connection org.mariadb.jdbc.Connection@411e9786
2024-04-08T20:04:08.454+02:00  INFO 460340 --- [restartedMain] com.zaxxer.hikari.HikariDataSource       : HikariPool-9 - Start completed.
2024-04-08T20:04:08.455+02:00  WARN 460340 --- [restartedMain] org.hibernate.orm.deprecation            : HHH90000025: MySQLDialect does not need to be specified explicitly using 'hibernate.dialect' (remove the property setting and it will be selected by default)
2024-04-08T20:04:08.534+02:00  INFO 460340 --- [restartedMain] o.h.e.t.j.p.i.JtaPlatformInitiator       : HHH000489: No JTA platform available (set 'hibernate.transaction.jta.platform' to enable JTA platform integration)
2024-04-08T20:04:08.553+02:00  INFO 460340 --- [restartedMain] j.LocalContainerEntityManagerFactoryBean : Initialized JPA EntityManagerFactory for persistence unit 'default'
2024-04-08T20:04:08.662+02:00  WARN 460340 --- [restartedMain] JpaBaseConfiguration$JpaWebConfiguration : spring.jpa.open-in-view is enabled by default. Therefore, database queries may be performed during view rendering. Explicitly configure spring.jpa.open-in-view to disable this warning
2024-04-08T20:04:08.667+02:00  WARN 460340 --- [restartedMain] .s.s.UserDetailsServiceAutoConfiguration : 

Using generated security password: 55fbafbf-e1d3-4e85-8830-4409e8006dac

This generated password is for development use only. Your security configuration must be updated before running your application in production.

2024-04-08T20:04:08.672+02:00  INFO 460340 --- [restartedMain] o.s.b.a.w.s.WelcomePageHandlerMapping    : Adding welcome page: class path resource [static/dist/index.html]
2024-04-08T20:04:08.723+02:00  INFO 460340 --- [restartedMain] o.s.s.web.DefaultSecurityFilterChain     : Will secure any request with [org.springframework.security.web.session.DisableEncodeUrlFilter@35379ab6, org.springframework.security.web.context.request.async.WebAsyncManagerIntegrationFilter@247e08b8, org.springframework.security.web.context.SecurityContextHolderFilter@68996832, org.springframework.security.web.header.HeaderWriterFilter@48ca7d2b, org.springframework.web.filter.CorsFilter@7c83739e, org.springframework.security.web.authentication.logout.LogoutFilter@6abf6ce4, team.boerse.tauschboerse.config.CustomTokenFilter@9400098, org.springframework.security.web.savedrequest.RequestCacheAwareFilter@727ece6e, org.springframework.security.web.servletapi.SecurityContextHolderAwareRequestFilter@52fc4947, org.springframework.security.web.authentication.AnonymousAuthenticationFilter@2229080d, org.springframework.security.web.access.ExceptionTranslationFilter@463cc3cd, org.springframework.security.web.access.intercept.AuthorizationFilter@5eb00893]
2024-04-08T20:04:08.746+02:00  INFO 460340 --- [restartedMain] o.s.b.d.a.OptionalLiveReloadServer       : LiveReload server is running on port 35729
2024-04-08T20:04:08.752+02:00  INFO 460340 --- [restartedMain] o.s.b.w.embedded.tomcat.TomcatWebServer  : Tomcat started on port 8085 (http) with context path ''
2024-04-08T20:04:08.756+02:00  INFO 460340 --- [restartedMain] t.b.t.TauschboerseApplication            : Started TauschboerseApplication in 0.669 seconds (process running for 6578.837)
2024-04-08T20:04:08.757+02:00  INFO 460340 --- [restartedMain] .ConditionEvaluationDeltaLoggingListener : Condition evaluation unchanged
2024-04-08T20:04:16.383+02:00  INFO 460340 --- [File Watcher] rtingClassPathChangeChangedEventListener : Restarting due to 1 class path change (0 additions, 0 deletions, 1 modification)
2024-04-08T20:04:16.395+02:00  INFO 460340 --- [Thread-35] j.LocalContainerEntityManagerFactoryBean : Closing JPA EntityManagerFactory for persistence unit 'default'
2024-04-08T20:04:16.395+02:00  INFO 460340 --- [Thread-35] com.zaxxer.hikari.HikariDataSource       : HikariPool-9 - Shutdown initiated...
2024-04-08T20:04:16.397+02:00  INFO 460340 --- [Thread-35] com.zaxxer.hikari.HikariDataSource       : HikariPool-9 - Shutdown completed.
2024-04-08T20:04:16.493+02:00  INFO 460340 --- [restartedMain] t.b.t.TauschboerseApplication            : Starting TauschboerseApplication using Java 17.0.1 with PID 460340 (C:\boerse\tauschboerse\target\classes started by daysn in C:\boerse\tauschboerse)
2024-04-08T20:04:16.494+02:00  INFO 460340 --- [restartedMain] t.b.t.TauschboerseApplication            : No active profile set, falling back to 1 default profile: "default"
2024-04-08T20:04:16.597+02:00  INFO 460340 --- [restartedMain] .s.d.r.c.RepositoryConfigurationDelegate : Bootstrapping Spring Data JPA repositories in DEFAULT mode.
2024-04-08T20:04:16.609+02:00  INFO 460340 --- [restartedMain] .s.d.r.c.RepositoryConfigurationDelegate : Finished Spring Data repository scanning in 11 ms. Found 5 JPA repository interfaces.
2024-04-08T20:04:16.675+02:00  INFO 460340 --- [restartedMain] o.s.b.w.embedded.tomcat.TomcatWebServer  : Tomcat initialized with port 8085 (http)
2024-04-08T20:04:16.676+02:00  INFO 460340 --- [restartedMain] o.apache.catalina.core.StandardService   : Starting service [Tomcat]
2024-04-08T20:04:16.676+02:00  INFO 460340 --- [restartedMain] o.apache.catalina.core.StandardEngine    : Starting Servlet engine: [Apache Tomcat/10.1.19]
2024-04-08T20:04:16.690+02:00  INFO 460340 --- [restartedMain] o.a.c.c.C.[Tomcat].[localhost].[/]       : Initializing Spring embedded WebApplicationContext
2024-04-08T20:04:16.691+02:00  INFO 460340 --- [restartedMain] w.s.c.ServletWebServerApplicationContext : Root WebApplicationContext: initialization completed in 196 ms
2024-04-08T20:04:16.705+02:00  INFO 460340 --- [restartedMain] o.hibernate.jpa.internal.util.LogHelper  : HHH000204: Processing PersistenceUnitInfo [name: default]
2024-04-08T20:04:16.707+02:00  INFO 460340 --- [restartedMain] o.h.c.internal.RegionFactoryInitiator    : HHH000026: Second-level cache disabled
2024-04-08T20:04:16.710+02:00  INFO 460340 --- [restartedMain] o.s.o.j.p.SpringPersistenceUnitInfo      : No LoadTimeWeaver setup: ignoring JPA class transformer
2024-04-08T20:04:16.711+02:00  INFO 460340 --- [restartedMain] com.zaxxer.hikari.HikariDataSource       : HikariPool-10 - Starting...
2024-04-08T20:04:16.713+02:00  INFO 460340 --- [restartedMain] com.zaxxer.hikari.pool.HikariPool        : HikariPool-10 - Added connection org.mariadb.jdbc.Connection@20265e27
2024-04-08T20:04:16.713+02:00  INFO 460340 --- [restartedMain] com.zaxxer.hikari.HikariDataSource       : HikariPool-10 - Start completed.
2024-04-08T20:04:16.714+02:00  WARN 460340 --- [restartedMain] org.hibernate.orm.deprecation            : HHH90000025: MySQLDialect does not need to be specified explicitly using 'hibernate.dialect' (remove the property setting and it will be selected by default)
2024-04-08T20:04:16.792+02:00  INFO 460340 --- [restartedMain] o.h.e.t.j.p.i.JtaPlatformInitiator       : HHH000489: No JTA platform available (set 'hibernate.transaction.jta.platform' to enable JTA platform integration)
2024-04-08T20:04:16.808+02:00  INFO 460340 --- [restartedMain] j.LocalContainerEntityManagerFactoryBean : Initialized JPA EntityManagerFactory for persistence unit 'default'
2024-04-08T20:04:16.904+02:00  WARN 460340 --- [restartedMain] JpaBaseConfiguration$JpaWebConfiguration : spring.jpa.open-in-view is enabled by default. Therefore, database queries may be performed during view rendering. Explicitly configure spring.jpa.open-in-view to disable this warning
2024-04-08T20:04:16.907+02:00  WARN 460340 --- [restartedMain] .s.s.UserDetailsServiceAutoConfiguration : 

Using generated security password: ca57e5f2-cd6b-4edf-8ad2-efcd3a25af20

This generated password is for development use only. Your security configuration must be updated before running your application in production.

2024-04-08T20:04:16.911+02:00  INFO 460340 --- [restartedMain] o.s.b.a.w.s.WelcomePageHandlerMapping    : Adding welcome page: class path resource [static/dist/index.html]
2024-04-08T20:04:16.935+02:00  INFO 460340 --- [restartedMain] o.s.s.web.DefaultSecurityFilterChain     : Will secure any request with [org.springframework.security.web.session.DisableEncodeUrlFilter@79381e35, org.springframework.security.web.context.request.async.WebAsyncManagerIntegrationFilter@4a20b498, org.springframework.security.web.context.SecurityContextHolderFilter@6cffd2be, org.springframework.security.web.header.HeaderWriterFilter@44bdf1bb, org.springframework.web.filter.CorsFilter@1d075abf, org.springframework.security.web.authentication.logout.LogoutFilter@6e5bae04, team.boerse.tauschboerse.config.CustomTokenFilter@4b09e7aa, org.springframework.security.web.savedrequest.RequestCacheAwareFilter@753228cb, org.springframework.security.web.servletapi.SecurityContextHolderAwareRequestFilter@57b8fa69, org.springframework.security.web.authentication.AnonymousAuthenticationFilter@4d149b6, org.springframework.security.web.access.ExceptionTranslationFilter@5d0fe4e0, org.springframework.security.web.access.intercept.AuthorizationFilter@1ab07fe6]
2024-04-08T20:04:16.957+02:00  INFO 460340 --- [restartedMain] o.s.b.d.a.OptionalLiveReloadServer       : LiveReload server is running on port 35729
2024-04-08T20:04:16.962+02:00  INFO 460340 --- [restartedMain] o.s.b.w.embedded.tomcat.TomcatWebServer  : Tomcat started on port 8085 (http) with context path ''
2024-04-08T20:04:16.965+02:00  INFO 460340 --- [restartedMain] t.b.t.TauschboerseApplication            : Started TauschboerseApplication in 0.488 seconds (process running for 6587.046)
2024-04-08T20:04:16.965+02:00  INFO 460340 --- [restartedMain] .ConditionEvaluationDeltaLoggingListener : Condition evaluation unchanged
2024-04-08T20:05:41.294+02:00  INFO 460340 --- [File Watcher] rtingClassPathChangeChangedEventListener : Restarting due to 1 class path change (0 additions, 0 deletions, 1 modification)
2024-04-08T20:05:41.306+02:00  INFO 460340 --- [Thread-39] j.LocalContainerEntityManagerFactoryBean : Closing JPA EntityManagerFactory for persistence unit 'default'
2024-04-08T20:05:41.307+02:00  INFO 460340 --- [Thread-39] com.zaxxer.hikari.HikariDataSource       : HikariPool-10 - Shutdown initiated...
2024-04-08T20:05:41.309+02:00  INFO 460340 --- [Thread-39] com.zaxxer.hikari.HikariDataSource       : HikariPool-10 - Shutdown completed.
2024-04-08T20:05:41.391+02:00  INFO 460340 --- [restartedMain] t.b.t.TauschboerseApplication            : Starting TauschboerseApplication using Java 17.0.1 with PID 460340 (C:\boerse\tauschboerse\target\classes started by daysn in C:\boerse\tauschboerse)
2024-04-08T20:05:41.391+02:00  INFO 460340 --- [restartedMain] t.b.t.TauschboerseApplication            : No active profile set, falling back to 1 default profile: "default"
2024-04-08T20:05:41.504+02:00  INFO 460340 --- [restartedMain] .s.d.r.c.RepositoryConfigurationDelegate : Bootstrapping Spring Data JPA repositories in DEFAULT mode.
2024-04-08T20:05:41.516+02:00  INFO 460340 --- [restartedMain] .s.d.r.c.RepositoryConfigurationDelegate : Finished Spring Data repository scanning in 11 ms. Found 5 JPA repository interfaces.
2024-04-08T20:05:41.585+02:00  INFO 460340 --- [restartedMain] o.s.b.w.embedded.tomcat.TomcatWebServer  : Tomcat initialized with port 8085 (http)
2024-04-08T20:05:41.586+02:00  INFO 460340 --- [restartedMain] o.apache.catalina.core.StandardService   : Starting service [Tomcat]
2024-04-08T20:05:41.586+02:00  INFO 460340 --- [restartedMain] o.apache.catalina.core.StandardEngine    : Starting Servlet engine: [Apache Tomcat/10.1.19]
2024-04-08T20:05:41.608+02:00  INFO 460340 --- [restartedMain] o.a.c.c.C.[Tomcat].[localhost].[/]       : Initializing Spring embedded WebApplicationContext
2024-04-08T20:05:41.609+02:00  INFO 460340 --- [restartedMain] w.s.c.ServletWebServerApplicationContext : Root WebApplicationContext: initialization completed in 216 ms
2024-04-08T20:05:41.625+02:00  INFO 460340 --- [restartedMain] o.hibernate.jpa.internal.util.LogHelper  : HHH000204: Processing PersistenceUnitInfo [name: default]
2024-04-08T20:05:41.626+02:00  INFO 460340 --- [restartedMain] o.h.c.internal.RegionFactoryInitiator    : HHH000026: Second-level cache disabled
2024-04-08T20:05:41.630+02:00  INFO 460340 --- [restartedMain] o.s.o.j.p.SpringPersistenceUnitInfo      : No LoadTimeWeaver setup: ignoring JPA class transformer
2024-04-08T20:05:41.631+02:00  INFO 460340 --- [restartedMain] com.zaxxer.hikari.HikariDataSource       : HikariPool-11 - Starting...
2024-04-08T20:05:41.634+02:00  INFO 460340 --- [restartedMain] com.zaxxer.hikari.pool.HikariPool        : HikariPool-11 - Added connection org.mariadb.jdbc.Connection@3a5edc2f
2024-04-08T20:05:41.634+02:00  INFO 460340 --- [restartedMain] com.zaxxer.hikari.HikariDataSource       : HikariPool-11 - Start completed.
2024-04-08T20:05:41.635+02:00  WARN 460340 --- [restartedMain] org.hibernate.orm.deprecation            : HHH90000025: MySQLDialect does not need to be specified explicitly using 'hibernate.dialect' (remove the property setting and it will be selected by default)
2024-04-08T20:05:41.697+02:00  INFO 460340 --- [restartedMain] o.h.e.t.j.p.i.JtaPlatformInitiator       : HHH000489: No JTA platform available (set 'hibernate.transaction.jta.platform' to enable JTA platform integration)
2024-04-08T20:05:41.711+02:00  INFO 460340 --- [restartedMain] j.LocalContainerEntityManagerFactoryBean : Initialized JPA EntityManagerFactory for persistence unit 'default'
2024-04-08T20:05:41.798+02:00  WARN 460340 --- [restartedMain] JpaBaseConfiguration$JpaWebConfiguration : spring.jpa.open-in-view is enabled by default. Therefore, database queries may be performed during view rendering. Explicitly configure spring.jpa.open-in-view to disable this warning
2024-04-08T20:05:41.801+02:00  WARN 460340 --- [restartedMain] .s.s.UserDetailsServiceAutoConfiguration : 

Using generated security password: 0f37b576-b9cd-46bd-a109-78ab7d8e2418

This generated password is for development use only. Your security configuration must be updated before running your application in production.

2024-04-08T20:05:41.805+02:00  INFO 460340 --- [restartedMain] o.s.b.a.w.s.WelcomePageHandlerMapping    : Adding welcome page: class path resource [static/dist/index.html]
2024-04-08T20:05:41.837+02:00  INFO 460340 --- [restartedMain] o.s.s.web.DefaultSecurityFilterChain     : Will secure any request with [org.springframework.security.web.session.DisableEncodeUrlFilter@75f678aa, org.springframework.security.web.context.request.async.WebAsyncManagerIntegrationFilter@eaab3af, org.springframework.security.web.context.SecurityContextHolderFilter@4c7b00e1, org.springframework.security.web.header.HeaderWriterFilter@5134d260, org.springframework.web.filter.CorsFilter@7eb0a08b, org.springframework.security.web.authentication.logout.LogoutFilter@72713ac9, team.boerse.tauschboerse.config.CustomTokenFilter@305b19dd, org.springframework.security.web.savedrequest.RequestCacheAwareFilter@2d2bd8e6, org.springframework.security.web.servletapi.SecurityContextHolderAwareRequestFilter@11493568, org.springframework.security.web.authentication.AnonymousAuthenticationFilter@225a91b, org.springframework.security.web.access.ExceptionTranslationFilter@4a2ede1d, org.springframework.security.web.access.intercept.AuthorizationFilter@59d4a7a9]
2024-04-08T20:05:41.859+02:00  INFO 460340 --- [restartedMain] o.s.b.d.a.OptionalLiveReloadServer       : LiveReload server is running on port 35729
2024-04-08T20:05:41.864+02:00  INFO 460340 --- [restartedMain] o.s.b.w.embedded.tomcat.TomcatWebServer  : Tomcat started on port 8085 (http) with context path ''
2024-04-08T20:05:41.866+02:00  INFO 460340 --- [restartedMain] t.b.t.TauschboerseApplication            : Started TauschboerseApplication in 0.494 seconds (process running for 6671.947)
2024-04-08T20:05:41.867+02:00  INFO 460340 --- [restartedMain] .ConditionEvaluationDeltaLoggingListener : Condition evaluation unchanged
2024-04-08T20:09:31.227+02:00  INFO 460340 --- [File Watcher] rtingClassPathChangeChangedEventListener : Restarting due to 1 class path change (0 additions, 0 deletions, 1 modification)
2024-04-08T20:09:31.239+02:00  INFO 460340 --- [Thread-43] j.LocalContainerEntityManagerFactoryBean : Closing JPA EntityManagerFactory for persistence unit 'default'
2024-04-08T20:09:31.240+02:00  INFO 460340 --- [Thread-43] com.zaxxer.hikari.HikariDataSource       : HikariPool-11 - Shutdown initiated...
2024-04-08T20:09:31.242+02:00  INFO 460340 --- [Thread-43] com.zaxxer.hikari.HikariDataSource       : HikariPool-11 - Shutdown completed.
2024-04-08T20:09:31.332+02:00  INFO 460340 --- [restartedMain] t.b.t.TauschboerseApplication            : Starting TauschboerseApplication using Java 17.0.1 with PID 460340 (C:\boerse\tauschboerse\target\classes started by daysn in C:\boerse\tauschboerse)
2024-04-08T20:09:31.332+02:00  INFO 460340 --- [restartedMain] t.b.t.TauschboerseApplication            : No active profile set, falling back to 1 default profile: "default"
2024-04-08T20:09:31.432+02:00  INFO 460340 --- [restartedMain] .s.d.r.c.RepositoryConfigurationDelegate : Bootstrapping Spring Data JPA repositories in DEFAULT mode.
2024-04-08T20:09:31.443+02:00  INFO 460340 --- [restartedMain] .s.d.r.c.RepositoryConfigurationDelegate : Finished Spring Data repository scanning in 9 ms. Found 5 JPA repository interfaces.
2024-04-08T20:09:31.510+02:00  INFO 460340 --- [restartedMain] o.s.b.w.embedded.tomcat.TomcatWebServer  : Tomcat initialized with port 8085 (http)
2024-04-08T20:09:31.511+02:00  INFO 460340 --- [restartedMain] o.apache.catalina.core.StandardService   : Starting service [Tomcat]
2024-04-08T20:09:31.512+02:00  INFO 460340 --- [restartedMain] o.apache.catalina.core.StandardEngine    : Starting Servlet engine: [Apache Tomcat/10.1.19]
2024-04-08T20:09:31.534+02:00  INFO 460340 --- [restartedMain] o.a.c.c.C.[Tomcat].[localhost].[/]       : Initializing Spring embedded WebApplicationContext
2024-04-08T20:09:31.535+02:00  INFO 460340 --- [restartedMain] w.s.c.ServletWebServerApplicationContext : Root WebApplicationContext: initialization completed in 202 ms
2024-04-08T20:09:31.551+02:00  INFO 460340 --- [restartedMain] o.hibernate.jpa.internal.util.LogHelper  : HHH000204: Processing PersistenceUnitInfo [name: default]
2024-04-08T20:09:31.554+02:00  INFO 460340 --- [restartedMain] o.h.c.internal.RegionFactoryInitiator    : HHH000026: Second-level cache disabled
2024-04-08T20:09:31.557+02:00  INFO 460340 --- [restartedMain] o.s.o.j.p.SpringPersistenceUnitInfo      : No LoadTimeWeaver setup: ignoring JPA class transformer
2024-04-08T20:09:31.558+02:00  INFO 460340 --- [restartedMain] com.zaxxer.hikari.HikariDataSource       : HikariPool-12 - Starting...
2024-04-08T20:09:31.560+02:00  INFO 460340 --- [restartedMain] com.zaxxer.hikari.pool.HikariPool        : HikariPool-12 - Added connection org.mariadb.jdbc.Connection@20ed6011
2024-04-08T20:09:31.561+02:00  INFO 460340 --- [restartedMain] com.zaxxer.hikari.HikariDataSource       : HikariPool-12 - Start completed.
2024-04-08T20:09:31.561+02:00  WARN 460340 --- [restartedMain] org.hibernate.orm.deprecation            : HHH90000025: MySQLDialect does not need to be specified explicitly using 'hibernate.dialect' (remove the property setting and it will be selected by default)
2024-04-08T20:09:31.620+02:00  INFO 460340 --- [restartedMain] o.h.e.t.j.p.i.JtaPlatformInitiator       : HHH000489: No JTA platform available (set 'hibernate.transaction.jta.platform' to enable JTA platform integration)
2024-04-08T20:09:31.637+02:00  INFO 460340 --- [restartedMain] j.LocalContainerEntityManagerFactoryBean : Initialized JPA EntityManagerFactory for persistence unit 'default'
2024-04-08T20:09:31.720+02:00  WARN 460340 --- [restartedMain] JpaBaseConfiguration$JpaWebConfiguration : spring.jpa.open-in-view is enabled by default. Therefore, database queries may be performed during view rendering. Explicitly configure spring.jpa.open-in-view to disable this warning
2024-04-08T20:09:31.724+02:00  WARN 460340 --- [restartedMain] .s.s.UserDetailsServiceAutoConfiguration : 

Using generated security password: 8d4aa91e-fe8f-4010-82f3-300760e9d255

This generated password is for development use only. Your security configuration must be updated before running your application in production.

2024-04-08T20:09:31.728+02:00  INFO 460340 --- [restartedMain] o.s.b.a.w.s.WelcomePageHandlerMapping    : Adding welcome page: class path resource [static/dist/index.html]
2024-04-08T20:09:31.750+02:00  INFO 460340 --- [restartedMain] o.s.s.web.DefaultSecurityFilterChain     : Will secure any request with [org.springframework.security.web.session.DisableEncodeUrlFilter@7ab9403c, org.springframework.security.web.context.request.async.WebAsyncManagerIntegrationFilter@974b76d, org.springframework.security.web.context.SecurityContextHolderFilter@7014eb30, org.springframework.security.web.header.HeaderWriterFilter@64ddc1dd, org.springframework.web.filter.CorsFilter@63fea976, org.springframework.security.web.authentication.logout.LogoutFilter@3508c6c0, team.boerse.tauschboerse.config.CustomTokenFilter@3674a2cb, org.springframework.security.web.savedrequest.RequestCacheAwareFilter@1aa2174c, org.springframework.security.web.servletapi.SecurityContextHolderAwareRequestFilter@68cb0b24, org.springframework.security.web.authentication.AnonymousAuthenticationFilter@2c04219e, org.springframework.security.web.access.ExceptionTranslationFilter@20ba5428, org.springframework.security.web.access.intercept.AuthorizationFilter@fb801a6]
2024-04-08T20:09:31.773+02:00  INFO 460340 --- [restartedMain] o.s.b.d.a.OptionalLiveReloadServer       : LiveReload server is running on port 35729
2024-04-08T20:09:31.780+02:00  INFO 460340 --- [restartedMain] o.s.b.w.embedded.tomcat.TomcatWebServer  : Tomcat started on port 8085 (http) with context path ''
2024-04-08T20:09:31.784+02:00  INFO 460340 --- [restartedMain] t.b.t.TauschboerseApplication            : Started TauschboerseApplication in 0.47 seconds (process running for 6901.865)
2024-04-08T20:09:31.785+02:00  INFO 460340 --- [restartedMain] .ConditionEvaluationDeltaLoggingListener : Condition evaluation unchanged
2024-04-08T20:10:42.050+02:00  INFO 460340 --- [File Watcher] rtingClassPathChangeChangedEventListener : Restarting due to 6 class path changes (0 additions, 0 deletions, 6 modifications)
2024-04-08T20:10:42.061+02:00  INFO 460340 --- [Thread-47] j.LocalContainerEntityManagerFactoryBean : Closing JPA EntityManagerFactory for persistence unit 'default'
2024-04-08T20:10:42.062+02:00  INFO 460340 --- [Thread-47] com.zaxxer.hikari.HikariDataSource       : HikariPool-12 - Shutdown initiated...
2024-04-08T20:10:42.063+02:00  INFO 460340 --- [Thread-47] com.zaxxer.hikari.HikariDataSource       : HikariPool-12 - Shutdown completed.
2024-04-08T20:10:42.134+02:00  INFO 460340 --- [restartedMain] t.b.t.TauschboerseApplication            : Starting TauschboerseApplication using Java 17.0.1 with PID 460340 (C:\boerse\tauschboerse\target\classes started by daysn in C:\boerse\tauschboerse)
2024-04-08T20:10:42.135+02:00  INFO 460340 --- [restartedMain] t.b.t.TauschboerseApplication            : No active profile set, falling back to 1 default profile: "default"
2024-04-08T20:10:42.248+02:00  INFO 460340 --- [restartedMain] .s.d.r.c.RepositoryConfigurationDelegate : Bootstrapping Spring Data JPA repositories in DEFAULT mode.
2024-04-08T20:10:42.260+02:00  INFO 460340 --- [restartedMain] .s.d.r.c.RepositoryConfigurationDelegate : Finished Spring Data repository scanning in 11 ms. Found 5 JPA repository interfaces.
2024-04-08T20:10:42.325+02:00  INFO 460340 --- [restartedMain] o.s.b.w.embedded.tomcat.TomcatWebServer  : Tomcat initialized with port 8085 (http)
2024-04-08T20:10:42.326+02:00  INFO 460340 --- [restartedMain] o.apache.catalina.core.StandardService   : Starting service [Tomcat]
2024-04-08T20:10:42.326+02:00  INFO 460340 --- [restartedMain] o.apache.catalina.core.StandardEngine    : Starting Servlet engine: [Apache Tomcat/10.1.19]
2024-04-08T20:10:42.348+02:00  INFO 460340 --- [restartedMain] o.a.c.c.C.[Tomcat].[localhost].[/]       : Initializing Spring embedded WebApplicationContext
2024-04-08T20:10:42.349+02:00  INFO 460340 --- [restartedMain] w.s.c.ServletWebServerApplicationContext : Root WebApplicationContext: initialization completed in 213 ms
2024-04-08T20:10:42.366+02:00  INFO 460340 --- [restartedMain] o.hibernate.jpa.internal.util.LogHelper  : HHH000204: Processing PersistenceUnitInfo [name: default]
2024-04-08T20:10:42.368+02:00  INFO 460340 --- [restartedMain] o.h.c.internal.RegionFactoryInitiator    : HHH000026: Second-level cache disabled
2024-04-08T20:10:42.371+02:00  INFO 460340 --- [restartedMain] o.s.o.j.p.SpringPersistenceUnitInfo      : No LoadTimeWeaver setup: ignoring JPA class transformer
2024-04-08T20:10:42.372+02:00  INFO 460340 --- [restartedMain] com.zaxxer.hikari.HikariDataSource       : HikariPool-13 - Starting...
2024-04-08T20:10:42.374+02:00  INFO 460340 --- [restartedMain] com.zaxxer.hikari.pool.HikariPool        : HikariPool-13 - Added connection org.mariadb.jdbc.Connection@25ca87c8
2024-04-08T20:10:42.375+02:00  INFO 460340 --- [restartedMain] com.zaxxer.hikari.HikariDataSource       : HikariPool-13 - Start completed.
2024-04-08T20:10:42.375+02:00  WARN 460340 --- [restartedMain] org.hibernate.orm.deprecation            : HHH90000025: MySQLDialect does not need to be specified explicitly using 'hibernate.dialect' (remove the property setting and it will be selected by default)
2024-04-08T20:10:42.436+02:00  INFO 460340 --- [restartedMain] o.h.e.t.j.p.i.JtaPlatformInitiator       : HHH000489: No JTA platform available (set 'hibernate.transaction.jta.platform' to enable JTA platform integration)
2024-04-08T20:10:42.450+02:00  INFO 460340 --- [restartedMain] j.LocalContainerEntityManagerFactoryBean : Initialized JPA EntityManagerFactory for persistence unit 'default'
2024-04-08T20:10:42.535+02:00  WARN 460340 --- [restartedMain] JpaBaseConfiguration$JpaWebConfiguration : spring.jpa.open-in-view is enabled by default. Therefore, database queries may be performed during view rendering. Explicitly configure spring.jpa.open-in-view to disable this warning
2024-04-08T20:10:42.538+02:00  WARN 460340 --- [restartedMain] .s.s.UserDetailsServiceAutoConfiguration : 

Using generated security password: ce30351e-b98d-42a1-a181-0703696adf5b

This generated password is for development use only. Your security configuration must be updated before running your application in production.

2024-04-08T20:10:42.541+02:00  INFO 460340 --- [restartedMain] o.s.b.a.w.s.WelcomePageHandlerMapping    : Adding welcome page: class path resource [static/dist/index.html]
2024-04-08T20:10:42.564+02:00  INFO 460340 --- [restartedMain] o.s.s.web.DefaultSecurityFilterChain     : Will secure any request with [org.springframework.security.web.session.DisableEncodeUrlFilter@268db0f1, org.springframework.security.web.context.request.async.WebAsyncManagerIntegrationFilter@5f0784d1, org.springframework.security.web.context.SecurityContextHolderFilter@17afd472, org.springframework.security.web.header.HeaderWriterFilter@625e704d, org.springframework.web.filter.CorsFilter@77f7cdec, org.springframework.security.web.authentication.logout.LogoutFilter@2b6a5332, team.boerse.tauschboerse.config.CustomTokenFilter@43b8c6, org.springframework.security.web.savedrequest.RequestCacheAwareFilter@4947723a, org.springframework.security.web.servletapi.SecurityContextHolderAwareRequestFilter@53c2cd78, org.springframework.security.web.authentication.AnonymousAuthenticationFilter@7f31d8cc, org.springframework.security.web.access.ExceptionTranslationFilter@131121d3, org.springframework.security.web.access.intercept.AuthorizationFilter@1ca29d9b]
2024-04-08T20:10:42.587+02:00  INFO 460340 --- [restartedMain] o.s.b.d.a.OptionalLiveReloadServer       : LiveReload server is running on port 35729
2024-04-08T20:10:42.593+02:00  INFO 460340 --- [restartedMain] o.s.b.w.embedded.tomcat.TomcatWebServer  : Tomcat started on port 8085 (http) with context path ''
2024-04-08T20:10:42.597+02:00  INFO 460340 --- [restartedMain] t.b.t.TauschboerseApplication            : Started TauschboerseApplication in 0.478 seconds (process running for 6972.678)
2024-04-08T20:10:42.598+02:00  INFO 460340 --- [restartedMain] .ConditionEvaluationDeltaLoggingListener : Condition evaluation unchanged
2024-04-08T20:10:55.031+02:00  INFO 460340 --- [File Watcher] rtingClassPathChangeChangedEventListener : Restarting due to 3 class path changes (0 additions, 0 deletions, 3 modifications)
2024-04-08T20:10:55.042+02:00  INFO 460340 --- [Thread-51] j.LocalContainerEntityManagerFactoryBean : Closing JPA EntityManagerFactory for persistence unit 'default'
2024-04-08T20:10:55.043+02:00  INFO 460340 --- [Thread-51] com.zaxxer.hikari.HikariDataSource       : HikariPool-13 - Shutdown initiated...
2024-04-08T20:10:55.045+02:00  INFO 460340 --- [Thread-51] com.zaxxer.hikari.HikariDataSource       : HikariPool-13 - Shutdown completed.
2024-04-08T20:10:55.121+02:00  INFO 460340 --- [restartedMain] t.b.t.TauschboerseApplication            : Starting TauschboerseApplication using Java 17.0.1 with PID 460340 (C:\boerse\tauschboerse\target\classes started by daysn in C:\boerse\tauschboerse)
2024-04-08T20:10:55.121+02:00  INFO 460340 --- [restartedMain] t.b.t.TauschboerseApplication            : No active profile set, falling back to 1 default profile: "default"
2024-04-08T20:10:55.224+02:00  INFO 460340 --- [restartedMain] .s.d.r.c.RepositoryConfigurationDelegate : Bootstrapping Spring Data JPA repositories in DEFAULT mode.
2024-04-08T20:10:55.235+02:00  INFO 460340 --- [restartedMain] .s.d.r.c.RepositoryConfigurationDelegate : Finished Spring Data repository scanning in 10 ms. Found 5 JPA repository interfaces.
2024-04-08T20:10:55.297+02:00  INFO 460340 --- [restartedMain] o.s.b.w.embedded.tomcat.TomcatWebServer  : Tomcat initialized with port 8085 (http)
2024-04-08T20:10:55.298+02:00  INFO 460340 --- [restartedMain] o.apache.catalina.core.StandardService   : Starting service [Tomcat]
2024-04-08T20:10:55.298+02:00  INFO 460340 --- [restartedMain] o.apache.catalina.core.StandardEngine    : Starting Servlet engine: [Apache Tomcat/10.1.19]
2024-04-08T20:10:55.313+02:00  INFO 460340 --- [restartedMain] o.a.c.c.C.[Tomcat].[localhost].[/]       : Initializing Spring embedded WebApplicationContext
2024-04-08T20:10:55.314+02:00  INFO 460340 --- [restartedMain] w.s.c.ServletWebServerApplicationContext : Root WebApplicationContext: initialization completed in 191 ms
2024-04-08T20:10:55.328+02:00  INFO 460340 --- [restartedMain] o.hibernate.jpa.internal.util.LogHelper  : HHH000204: Processing PersistenceUnitInfo [name: default]
2024-04-08T20:10:55.330+02:00  INFO 460340 --- [restartedMain] o.h.c.internal.RegionFactoryInitiator    : HHH000026: Second-level cache disabled
2024-04-08T20:10:55.333+02:00  INFO 460340 --- [restartedMain] o.s.o.j.p.SpringPersistenceUnitInfo      : No LoadTimeWeaver setup: ignoring JPA class transformer
2024-04-08T20:10:55.334+02:00  INFO 460340 --- [restartedMain] com.zaxxer.hikari.HikariDataSource       : HikariPool-14 - Starting...
2024-04-08T20:10:55.337+02:00  INFO 460340 --- [restartedMain] com.zaxxer.hikari.pool.HikariPool        : HikariPool-14 - Added connection org.mariadb.jdbc.Connection@1cdd8fa9
2024-04-08T20:10:55.337+02:00  INFO 460340 --- [restartedMain] com.zaxxer.hikari.HikariDataSource       : HikariPool-14 - Start completed.
2024-04-08T20:10:55.338+02:00  WARN 460340 --- [restartedMain] org.hibernate.orm.deprecation            : HHH90000025: MySQLDialect does not need to be specified explicitly using 'hibernate.dialect' (remove the property setting and it will be selected by default)
2024-04-08T20:10:55.405+02:00  INFO 460340 --- [restartedMain] o.h.e.t.j.p.i.JtaPlatformInitiator       : HHH000489: No JTA platform available (set 'hibernate.transaction.jta.platform' to enable JTA platform integration)
2024-04-08T20:10:55.427+02:00  INFO 460340 --- [restartedMain] j.LocalContainerEntityManagerFactoryBean : Initialized JPA EntityManagerFactory for persistence unit 'default'
2024-04-08T20:10:55.521+02:00  WARN 460340 --- [restartedMain] JpaBaseConfiguration$JpaWebConfiguration : spring.jpa.open-in-view is enabled by default. Therefore, database queries may be performed during view rendering. Explicitly configure spring.jpa.open-in-view to disable this warning
2024-04-08T20:10:55.524+02:00  WARN 460340 --- [restartedMain] .s.s.UserDetailsServiceAutoConfiguration : 

Using generated security password: 61df7247-f443-4d41-9c85-673792358e68

This generated password is for development use only. Your security configuration must be updated before running your application in production.

2024-04-08T20:10:55.528+02:00  INFO 460340 --- [restartedMain] o.s.b.a.w.s.WelcomePageHandlerMapping    : Adding welcome page: class path resource [static/dist/index.html]
2024-04-08T20:10:55.549+02:00  INFO 460340 --- [restartedMain] o.s.s.web.DefaultSecurityFilterChain     : Will secure any request with [org.springframework.security.web.session.DisableEncodeUrlFilter@24fc9fe6, org.springframework.security.web.context.request.async.WebAsyncManagerIntegrationFilter@62c6a196, org.springframework.security.web.context.SecurityContextHolderFilter@3e638bcf, org.springframework.security.web.header.HeaderWriterFilter@6a5ff49d, org.springframework.web.filter.CorsFilter@2e01a594, org.springframework.security.web.authentication.logout.LogoutFilter@2a8d8e29, team.boerse.tauschboerse.config.CustomTokenFilter@5fa0b3c6, org.springframework.security.web.savedrequest.RequestCacheAwareFilter@7f727841, org.springframework.security.web.servletapi.SecurityContextHolderAwareRequestFilter@1d7ca529, org.springframework.security.web.authentication.AnonymousAuthenticationFilter@777e5550, org.springframework.security.web.access.ExceptionTranslationFilter@2d19feb8, org.springframework.security.web.access.intercept.AuthorizationFilter@3efceb57]
2024-04-08T20:10:55.574+02:00  INFO 460340 --- [restartedMain] o.s.b.d.a.OptionalLiveReloadServer       : LiveReload server is running on port 35729
2024-04-08T20:10:55.580+02:00  INFO 460340 --- [restartedMain] o.s.b.w.embedded.tomcat.TomcatWebServer  : Tomcat started on port 8085 (http) with context path ''
2024-04-08T20:10:55.583+02:00  INFO 460340 --- [restartedMain] t.b.t.TauschboerseApplication            : Started TauschboerseApplication in 0.477 seconds (process running for 6985.664)
2024-04-08T20:10:55.583+02:00  INFO 460340 --- [restartedMain] .ConditionEvaluationDeltaLoggingListener : Condition evaluation unchanged
2024-04-08T20:11:20.943+02:00  INFO 460340 --- [File Watcher] rtingClassPathChangeChangedEventListener : Restarting due to 3 class path changes (0 additions, 0 deletions, 3 modifications)
2024-04-08T20:11:20.955+02:00  INFO 460340 --- [Thread-55] j.LocalContainerEntityManagerFactoryBean : Closing JPA EntityManagerFactory for persistence unit 'default'
2024-04-08T20:11:20.955+02:00  INFO 460340 --- [Thread-55] com.zaxxer.hikari.HikariDataSource       : HikariPool-14 - Shutdown initiated...
2024-04-08T20:11:20.957+02:00  INFO 460340 --- [Thread-55] com.zaxxer.hikari.HikariDataSource       : HikariPool-14 - Shutdown completed.
2024-04-08T20:11:21.059+02:00  INFO 460340 --- [restartedMain] t.b.t.TauschboerseApplication            : Starting TauschboerseApplication using Java 17.0.1 with PID 460340 (C:\boerse\tauschboerse\target\classes started by daysn in C:\boerse\tauschboerse)
2024-04-08T20:11:21.059+02:00  INFO 460340 --- [restartedMain] t.b.t.TauschboerseApplication            : No active profile set, falling back to 1 default profile: "default"
2024-04-08T20:11:21.178+02:00  INFO 460340 --- [restartedMain] .s.d.r.c.RepositoryConfigurationDelegate : Bootstrapping Spring Data JPA repositories in DEFAULT mode.
2024-04-08T20:11:21.190+02:00  INFO 460340 --- [restartedMain] .s.d.r.c.RepositoryConfigurationDelegate : Finished Spring Data repository scanning in 11 ms. Found 5 JPA repository interfaces.
2024-04-08T20:11:21.259+02:00  INFO 460340 --- [restartedMain] o.s.b.w.embedded.tomcat.TomcatWebServer  : Tomcat initialized with port 8085 (http)
2024-04-08T20:11:21.260+02:00  INFO 460340 --- [restartedMain] o.apache.catalina.core.StandardService   : Starting service [Tomcat]
2024-04-08T20:11:21.260+02:00  INFO 460340 --- [restartedMain] o.apache.catalina.core.StandardEngine    : Starting Servlet engine: [Apache Tomcat/10.1.19]
2024-04-08T20:11:21.286+02:00  INFO 460340 --- [restartedMain] o.a.c.c.C.[Tomcat].[localhost].[/]       : Initializing Spring embedded WebApplicationContext
2024-04-08T20:11:21.287+02:00  INFO 460340 --- [restartedMain] w.s.c.ServletWebServerApplicationContext : Root WebApplicationContext: initialization completed in 226 ms
2024-04-08T20:11:21.307+02:00  INFO 460340 --- [restartedMain] o.hibernate.jpa.internal.util.LogHelper  : HHH000204: Processing PersistenceUnitInfo [name: default]
2024-04-08T20:11:21.310+02:00  INFO 460340 --- [restartedMain] o.h.c.internal.RegionFactoryInitiator    : HHH000026: Second-level cache disabled
2024-04-08T20:11:21.314+02:00  INFO 460340 --- [restartedMain] o.s.o.j.p.SpringPersistenceUnitInfo      : No LoadTimeWeaver setup: ignoring JPA class transformer
2024-04-08T20:11:21.315+02:00  INFO 460340 --- [restartedMain] com.zaxxer.hikari.HikariDataSource       : HikariPool-15 - Starting...
2024-04-08T20:11:21.318+02:00  INFO 460340 --- [restartedMain] com.zaxxer.hikari.pool.HikariPool        : HikariPool-15 - Added connection org.mariadb.jdbc.Connection@6195ebd0
2024-04-08T20:11:21.319+02:00  INFO 460340 --- [restartedMain] com.zaxxer.hikari.HikariDataSource       : HikariPool-15 - Start completed.
2024-04-08T20:11:21.320+02:00  WARN 460340 --- [restartedMain] org.hibernate.orm.deprecation            : HHH90000025: MySQLDialect does not need to be specified explicitly using 'hibernate.dialect' (remove the property setting and it will be selected by default)
2024-04-08T20:11:21.398+02:00  INFO 460340 --- [restartedMain] o.h.e.t.j.p.i.JtaPlatformInitiator       : HHH000489: No JTA platform available (set 'hibernate.transaction.jta.platform' to enable JTA platform integration)
2024-04-08T20:11:21.414+02:00  INFO 460340 --- [restartedMain] j.LocalContainerEntityManagerFactoryBean : Initialized JPA EntityManagerFactory for persistence unit 'default'
2024-04-08T20:11:21.507+02:00  WARN 460340 --- [restartedMain] JpaBaseConfiguration$JpaWebConfiguration : spring.jpa.open-in-view is enabled by default. Therefore, database queries may be performed during view rendering. Explicitly configure spring.jpa.open-in-view to disable this warning
2024-04-08T20:11:21.510+02:00  WARN 460340 --- [restartedMain] .s.s.UserDetailsServiceAutoConfiguration : 

Using generated security password: 74c8e0a9-27c3-4d26-a823-feff6eb99466

This generated password is for development use only. Your security configuration must be updated before running your application in production.

2024-04-08T20:11:21.513+02:00  INFO 460340 --- [restartedMain] o.s.b.a.w.s.WelcomePageHandlerMapping    : Adding welcome page: class path resource [static/dist/index.html]
2024-04-08T20:11:21.533+02:00  INFO 460340 --- [restartedMain] o.s.s.web.DefaultSecurityFilterChain     : Will secure any request with [org.springframework.security.web.session.DisableEncodeUrlFilter@677b4ffd, org.springframework.security.web.context.request.async.WebAsyncManagerIntegrationFilter@788647bc, org.springframework.security.web.context.SecurityContextHolderFilter@10c62de2, org.springframework.security.web.header.HeaderWriterFilter@2b531807, org.springframework.web.filter.CorsFilter@4d6638bf, org.springframework.security.web.authentication.logout.LogoutFilter@1ad0a648, team.boerse.tauschboerse.config.CustomTokenFilter@26d61cb4, org.springframework.security.web.savedrequest.RequestCacheAwareFilter@d18dfe3, org.springframework.security.web.servletapi.SecurityContextHolderAwareRequestFilter@8f887c4, org.springframework.security.web.authentication.AnonymousAuthenticationFilter@67490ad7, org.springframework.security.web.access.ExceptionTranslationFilter@280fcb8, org.springframework.security.web.access.intercept.AuthorizationFilter@1d76fe6a]
2024-04-08T20:11:21.559+02:00  INFO 460340 --- [restartedMain] o.s.b.d.a.OptionalLiveReloadServer       : LiveReload server is running on port 35729
2024-04-08T20:11:21.564+02:00  INFO 460340 --- [restartedMain] o.s.b.w.embedded.tomcat.TomcatWebServer  : Tomcat started on port 8085 (http) with context path ''
2024-04-08T20:11:21.567+02:00  INFO 460340 --- [restartedMain] t.b.t.TauschboerseApplication            : Started TauschboerseApplication in 0.53 seconds (process running for 7011.648)
2024-04-08T20:11:21.568+02:00  INFO 460340 --- [restartedMain] .ConditionEvaluationDeltaLoggingListener : Condition evaluation unchanged
2024-04-08T20:12:09.395+02:00  INFO 460340 --- [File Watcher] rtingClassPathChangeChangedEventListener : Restarting due to 2 class path changes (0 additions, 0 deletions, 2 modifications)
2024-04-08T20:12:09.407+02:00  INFO 460340 --- [Thread-59] j.LocalContainerEntityManagerFactoryBean : Closing JPA EntityManagerFactory for persistence unit 'default'
2024-04-08T20:12:09.407+02:00  INFO 460340 --- [Thread-59] com.zaxxer.hikari.HikariDataSource       : HikariPool-15 - Shutdown initiated...
2024-04-08T20:12:09.409+02:00  INFO 460340 --- [Thread-59] com.zaxxer.hikari.HikariDataSource       : HikariPool-15 - Shutdown completed.
2024-04-08T20:12:09.493+02:00  INFO 460340 --- [restartedMain] t.b.t.TauschboerseApplication            : Starting TauschboerseApplication using Java 17.0.1 with PID 460340 (C:\boerse\tauschboerse\target\classes started by daysn in C:\boerse\tauschboerse)
2024-04-08T20:12:09.493+02:00  INFO 460340 --- [restartedMain] t.b.t.TauschboerseApplication            : No active profile set, falling back to 1 default profile: "default"
2024-04-08T20:12:09.617+02:00  INFO 460340 --- [restartedMain] .s.d.r.c.RepositoryConfigurationDelegate : Bootstrapping Spring Data JPA repositories in DEFAULT mode.
2024-04-08T20:12:09.629+02:00  INFO 460340 --- [restartedMain] .s.d.r.c.RepositoryConfigurationDelegate : Finished Spring Data repository scanning in 11 ms. Found 5 JPA repository interfaces.
2024-04-08T20:12:09.704+02:00  INFO 460340 --- [restartedMain] o.s.b.w.embedded.tomcat.TomcatWebServer  : Tomcat initialized with port 8085 (http)
2024-04-08T20:12:09.708+02:00  INFO 460340 --- [restartedMain] o.apache.catalina.core.StandardService   : Starting service [Tomcat]
2024-04-08T20:12:09.708+02:00  INFO 460340 --- [restartedMain] o.apache.catalina.core.StandardEngine    : Starting Servlet engine: [Apache Tomcat/10.1.19]
2024-04-08T20:12:09.723+02:00  INFO 460340 --- [restartedMain] o.a.c.c.C.[Tomcat].[localhost].[/]       : Initializing Spring embedded WebApplicationContext
2024-04-08T20:12:09.724+02:00  INFO 460340 --- [restartedMain] w.s.c.ServletWebServerApplicationContext : Root WebApplicationContext: initialization completed in 230 ms
2024-04-08T20:12:09.741+02:00  INFO 460340 --- [restartedMain] o.hibernate.jpa.internal.util.LogHelper  : HHH000204: Processing PersistenceUnitInfo [name: default]
2024-04-08T20:12:09.743+02:00  INFO 460340 --- [restartedMain] o.h.c.internal.RegionFactoryInitiator    : HHH000026: Second-level cache disabled
2024-04-08T20:12:09.746+02:00  INFO 460340 --- [restartedMain] o.s.o.j.p.SpringPersistenceUnitInfo      : No LoadTimeWeaver setup: ignoring JPA class transformer
2024-04-08T20:12:09.748+02:00  INFO 460340 --- [restartedMain] com.zaxxer.hikari.HikariDataSource       : HikariPool-16 - Starting...
2024-04-08T20:12:09.750+02:00  INFO 460340 --- [restartedMain] com.zaxxer.hikari.pool.HikariPool        : HikariPool-16 - Added connection org.mariadb.jdbc.Connection@20d749cd
2024-04-08T20:12:09.751+02:00  INFO 460340 --- [restartedMain] com.zaxxer.hikari.HikariDataSource       : HikariPool-16 - Start completed.
2024-04-08T20:12:09.751+02:00  WARN 460340 --- [restartedMain] org.hibernate.orm.deprecation            : HHH90000025: MySQLDialect does not need to be specified explicitly using 'hibernate.dialect' (remove the property setting and it will be selected by default)
2024-04-08T20:12:09.799+02:00  INFO 460340 --- [restartedMain] o.h.e.t.j.p.i.JtaPlatformInitiator       : HHH000489: No JTA platform available (set 'hibernate.transaction.jta.platform' to enable JTA platform integration)
2024-04-08T20:12:09.814+02:00  INFO 460340 --- [restartedMain] j.LocalContainerEntityManagerFactoryBean : Initialized JPA EntityManagerFactory for persistence unit 'default'
2024-04-08T20:12:09.883+02:00  WARN 460340 --- [restartedMain] JpaBaseConfiguration$JpaWebConfiguration : spring.jpa.open-in-view is enabled by default. Therefore, database queries may be performed during view rendering. Explicitly configure spring.jpa.open-in-view to disable this warning
2024-04-08T20:12:09.886+02:00  WARN 460340 --- [restartedMain] .s.s.UserDetailsServiceAutoConfiguration : 

Using generated security password: 80f8cccf-aaab-485f-bf27-57113ff2c2a6

This generated password is for development use only. Your security configuration must be updated before running your application in production.

2024-04-08T20:12:09.890+02:00  INFO 460340 --- [restartedMain] o.s.b.a.w.s.WelcomePageHandlerMapping    : Adding welcome page: class path resource [static/dist/index.html]
2024-04-08T20:12:09.917+02:00  INFO 460340 --- [restartedMain] o.s.s.web.DefaultSecurityFilterChain     : Will secure any request with [org.springframework.security.web.session.DisableEncodeUrlFilter@3cc3dad6, org.springframework.security.web.context.request.async.WebAsyncManagerIntegrationFilter@69852787, org.springframework.security.web.context.SecurityContextHolderFilter@321e244f, org.springframework.security.web.header.HeaderWriterFilter@34569942, org.springframework.web.filter.CorsFilter@37a07c67, org.springframework.security.web.authentication.logout.LogoutFilter@25ae920, team.boerse.tauschboerse.config.CustomTokenFilter@6d2eaaa2, org.springframework.security.web.savedrequest.RequestCacheAwareFilter@469318fe, org.springframework.security.web.servletapi.SecurityContextHolderAwareRequestFilter@41b98cfb, org.springframework.security.web.authentication.AnonymousAuthenticationFilter@78cecf5f, org.springframework.security.web.access.ExceptionTranslationFilter@17a201e6, org.springframework.security.web.access.intercept.AuthorizationFilter@5103c448]
2024-04-08T20:12:09.950+02:00  INFO 460340 --- [restartedMain] o.s.b.d.a.OptionalLiveReloadServer       : LiveReload server is running on port 35729
2024-04-08T20:12:09.955+02:00  INFO 460340 --- [restartedMain] o.s.b.w.embedded.tomcat.TomcatWebServer  : Tomcat started on port 8085 (http) with context path ''
2024-04-08T20:12:09.958+02:00  INFO 460340 --- [restartedMain] t.b.t.TauschboerseApplication            : Started TauschboerseApplication in 0.485 seconds (process running for 7060.04)
2024-04-08T20:12:09.960+02:00  INFO 460340 --- [restartedMain] .ConditionEvaluationDeltaLoggingListener : Condition evaluation unchanged
2024-04-08T20:12:22.532+02:00  INFO 460340 --- [http-nio-8085-exec-2] o.a.c.c.C.[Tomcat].[localhost].[/]       : Initializing Spring DispatcherServlet 'dispatcherServlet'
2024-04-08T20:12:22.532+02:00  INFO 460340 --- [http-nio-8085-exec-2] o.s.web.servlet.DispatcherServlet        : Initializing Servlet 'dispatcherServlet'
2024-04-08T20:12:22.533+02:00  INFO 460340 --- [http-nio-8085-exec-2] o.s.web.servlet.DispatcherServlet        : Completed initialization in 0 ms
2024-04-08T20:12:49.334+02:00  INFO 460340 --- [http-nio-8085-exec-4] t.b.tauschboerse.TauschTerminController  : User nico.klein@student.hs-rm.de created an offer for BS (P-A)
2024-04-08T20:24:57.079+02:00  INFO 460340 --- [SpringApplicationShutdownHook] j.LocalContainerEntityManagerFactoryBean : Closing JPA EntityManagerFactory for persistence unit 'default'
2024-04-08T20:24:57.080+02:00  INFO 460340 --- [SpringApplicationShutdownHook] com.zaxxer.hikari.HikariDataSource       : HikariPool-16 - Shutdown initiated...
2024-04-08T20:24:57.082+02:00  INFO 460340 --- [SpringApplicationShutdownHook] com.zaxxer.hikari.HikariDataSource       : HikariPool-16 - Shutdown completed.
2024-04-08T20:42:20.346+02:00  INFO 430872 --- [restartedMain] t.b.t.TauschboerseApplication            : Starting TauschboerseApplication using Java 17.0.1 with PID 430872 (C:\boerse\tauschboerse\target\classes started by daysn in C:\boerse\tauschboerse)
2024-04-08T20:42:20.349+02:00  INFO 430872 --- [restartedMain] t.b.t.TauschboerseApplication            : No active profile set, falling back to 1 default profile: "default"
2024-04-08T20:42:20.401+02:00  INFO 430872 --- [restartedMain] .e.DevToolsPropertyDefaultsPostProcessor : Devtools property defaults active! Set 'spring.devtools.add-properties' to 'false' to disable
2024-04-08T20:42:20.401+02:00  INFO 430872 --- [restartedMain] .e.DevToolsPropertyDefaultsPostProcessor : For additional web related logging consider setting the 'logging.level.web' property to 'DEBUG'
2024-04-08T20:42:21.062+02:00  INFO 430872 --- [restartedMain] .s.d.r.c.RepositoryConfigurationDelegate : Bootstrapping Spring Data JPA repositories in DEFAULT mode.
2024-04-08T20:42:21.141+02:00  INFO 430872 --- [restartedMain] .s.d.r.c.RepositoryConfigurationDelegate : Finished Spring Data repository scanning in 71 ms. Found 5 JPA repository interfaces.
2024-04-08T20:42:22.045+02:00  INFO 430872 --- [restartedMain] o.s.b.w.embedded.tomcat.TomcatWebServer  : Tomcat initialized with port 8085 (http)
2024-04-08T20:42:22.060+02:00  INFO 430872 --- [restartedMain] o.apache.catalina.core.StandardService   : Starting service [Tomcat]
2024-04-08T20:42:22.061+02:00  INFO 430872 --- [restartedMain] o.apache.catalina.core.StandardEngine    : Starting Servlet engine: [Apache Tomcat/10.1.19]
2024-04-08T20:42:22.128+02:00  INFO 430872 --- [restartedMain] o.a.c.c.C.[Tomcat].[localhost].[/]       : Initializing Spring embedded WebApplicationContext
2024-04-08T20:42:22.129+02:00  INFO 430872 --- [restartedMain] w.s.c.ServletWebServerApplicationContext : Root WebApplicationContext: initialization completed in 1727 ms
2024-04-08T20:42:22.347+02:00  INFO 430872 --- [restartedMain] o.hibernate.jpa.internal.util.LogHelper  : HHH000204: Processing PersistenceUnitInfo [name: default]
2024-04-08T20:42:22.422+02:00  INFO 430872 --- [restartedMain] org.hibernate.Version                    : HHH000412: Hibernate ORM core version 6.4.4.Final
2024-04-08T20:42:22.470+02:00  INFO 430872 --- [restartedMain] o.h.c.internal.RegionFactoryInitiator    : HHH000026: Second-level cache disabled
2024-04-08T20:42:22.739+02:00  INFO 430872 --- [restartedMain] o.s.o.j.p.SpringPersistenceUnitInfo      : No LoadTimeWeaver setup: ignoring JPA class transformer
2024-04-08T20:42:22.765+02:00  INFO 430872 --- [restartedMain] com.zaxxer.hikari.HikariDataSource       : HikariPool-1 - Starting...
2024-04-08T20:42:22.883+02:00  INFO 430872 --- [restartedMain] com.zaxxer.hikari.pool.HikariPool        : HikariPool-1 - Added connection org.mariadb.jdbc.Connection@1710f77b
2024-04-08T20:42:22.885+02:00  INFO 430872 --- [restartedMain] com.zaxxer.hikari.HikariDataSource       : HikariPool-1 - Start completed.
2024-04-08T20:42:22.908+02:00  WARN 430872 --- [restartedMain] org.hibernate.orm.deprecation            : HHH90000025: MySQLDialect does not need to be specified explicitly using 'hibernate.dialect' (remove the property setting and it will be selected by default)
2024-04-08T20:42:23.804+02:00  INFO 430872 --- [restartedMain] o.h.e.t.j.p.i.JtaPlatformInitiator       : HHH000489: No JTA platform available (set 'hibernate.transaction.jta.platform' to enable JTA platform integration)
2024-04-08T20:42:23.862+02:00  INFO 430872 --- [restartedMain] j.LocalContainerEntityManagerFactoryBean : Initialized JPA EntityManagerFactory for persistence unit 'default'
2024-04-08T20:42:24.577+02:00  WARN 430872 --- [restartedMain] JpaBaseConfiguration$JpaWebConfiguration : spring.jpa.open-in-view is enabled by default. Therefore, database queries may be performed during view rendering. Explicitly configure spring.jpa.open-in-view to disable this warning
2024-04-08T20:42:24.634+02:00  WARN 430872 --- [restartedMain] .s.s.UserDetailsServiceAutoConfiguration : 

Using generated security password: 6a7e8918-00d8-4f9f-9e2f-621bd978b528

This generated password is for development use only. Your security configuration must be updated before running your application in production.

2024-04-08T20:42:24.804+02:00  INFO 430872 --- [restartedMain] o.s.b.a.w.s.WelcomePageHandlerMapping    : Adding welcome page: class path resource [static/dist/index.html]
2024-04-08T20:42:25.058+02:00  INFO 430872 --- [restartedMain] o.s.s.web.DefaultSecurityFilterChain     : Will secure any request with [org.springframework.security.web.session.DisableEncodeUrlFilter@2bfd1375, org.springframework.security.web.context.request.async.WebAsyncManagerIntegrationFilter@1a320837, org.springframework.security.web.context.SecurityContextHolderFilter@6a61add8, org.springframework.security.web.header.HeaderWriterFilter@151e7c44, org.springframework.web.filter.CorsFilter@3fe5889a, org.springframework.security.web.authentication.logout.LogoutFilter@4572f81c, team.boerse.tauschboerse.config.CustomTokenFilter@4a1af3e6, org.springframework.security.web.savedrequest.RequestCacheAwareFilter@43991dc4, org.springframework.security.web.servletapi.SecurityContextHolderAwareRequestFilter@72cde6de, org.springframework.security.web.authentication.AnonymousAuthenticationFilter@59d4d01, org.springframework.security.web.access.ExceptionTranslationFilter@410709d4, org.springframework.security.web.access.intercept.AuthorizationFilter@78e8958f]
2024-04-08T20:42:25.623+02:00  INFO 430872 --- [restartedMain] o.s.b.d.a.OptionalLiveReloadServer       : LiveReload server is running on port 35729
2024-04-08T20:42:25.664+02:00  INFO 430872 --- [restartedMain] o.s.b.w.embedded.tomcat.TomcatWebServer  : Tomcat started on port 8085 (http) with context path ''
2024-04-08T20:42:25.685+02:00  INFO 430872 --- [restartedMain] t.b.t.TauschboerseApplication            : Started TauschboerseApplication in 5.687 seconds (process running for 6.283)
2024-04-08T20:42:25.823+02:00  INFO 430872 --- [http-nio-8085-exec-1] o.a.c.c.C.[Tomcat].[localhost].[/]       : Initializing Spring DispatcherServlet 'dispatcherServlet'
2024-04-08T20:42:25.823+02:00  INFO 430872 --- [http-nio-8085-exec-1] o.s.web.servlet.DispatcherServlet        : Initializing Servlet 'dispatcherServlet'
2024-04-08T20:42:25.824+02:00  INFO 430872 --- [http-nio-8085-exec-1] o.s.web.servlet.DispatcherServlet        : Completed initialization in 1 ms
2024-04-08T20:42:35.265+02:00  INFO 430872 --- [http-nio-8085-exec-9] t.boerse.tauschboerse.LoginManagment     : User maximus.musterus@student.hs-rm.de logged in
2024-04-08T20:43:40.935+02:00  INFO 430872 --- [http-nio-8085-exec-1] t.boerse.tauschboerse.LoginManagment     : User maximus.musterus@student.hs-rm.de logged in
2024-04-08T20:43:46.544+02:00  INFO 430872 --- [http-nio-8085-exec-6] net.fortuna.ical4j.util.Configurator     : ical4j.properties not found.
2024-04-08T20:43:46.548+02:00  WARN 430872 --- [http-nio-8085-exec-6] n.f.ical4j.model.TimeZoneRegistryImpl    : Error loading timezone aliases: inStream parameter is null
2024-04-08T20:43:46.697+02:00  INFO 430872 --- [http-nio-8085-exec-6] t.b.tauschboerse.KalenderController      : User maximus.musterus@student.hs-rm.de uploaded a new calendar
2024-04-08T20:44:46.847+02:00  INFO 430872 --- [http-nio-8085-exec-9] t.boerse.tauschboerse.LoginManagment     : User maximus.musterus@student.hs-rm.de logged in
2024-04-08T20:45:52.763+02:00  INFO 430872 --- [File Watcher] rtingClassPathChangeChangedEventListener : Restarting due to 1 class path change (0 additions, 0 deletions, 1 modification)
2024-04-08T20:45:52.779+02:00  INFO 430872 --- [Thread-5] j.LocalContainerEntityManagerFactoryBean : Closing JPA EntityManagerFactory for persistence unit 'default'
2024-04-08T20:45:52.782+02:00  INFO 430872 --- [Thread-5] com.zaxxer.hikari.HikariDataSource       : HikariPool-1 - Shutdown initiated...
2024-04-08T20:45:52.785+02:00  INFO 430872 --- [Thread-5] com.zaxxer.hikari.HikariDataSource       : HikariPool-1 - Shutdown completed.
2024-04-08T20:45:52.874+02:00  INFO 430872 --- [restartedMain] t.b.t.TauschboerseApplication            : Starting TauschboerseApplication using Java 17.0.1 with PID 430872 (C:\boerse\tauschboerse\target\classes started by daysn in C:\boerse\tauschboerse)
2024-04-08T20:45:52.875+02:00  INFO 430872 --- [restartedMain] t.b.t.TauschboerseApplication            : No active profile set, falling back to 1 default profile: "default"
2024-04-08T20:45:53.091+02:00  INFO 430872 --- [restartedMain] .s.d.r.c.RepositoryConfigurationDelegate : Bootstrapping Spring Data JPA repositories in DEFAULT mode.
2024-04-08T20:45:53.117+02:00  INFO 430872 --- [restartedMain] .s.d.r.c.RepositoryConfigurationDelegate : Finished Spring Data repository scanning in 25 ms. Found 5 JPA repository interfaces.
2024-04-08T20:45:53.281+02:00  INFO 430872 --- [restartedMain] o.s.b.w.embedded.tomcat.TomcatWebServer  : Tomcat initialized with port 8085 (http)
2024-04-08T20:45:53.282+02:00  INFO 430872 --- [restartedMain] o.apache.catalina.core.StandardService   : Starting service [Tomcat]
2024-04-08T20:45:53.282+02:00  INFO 430872 --- [restartedMain] o.apache.catalina.core.StandardEngine    : Starting Servlet engine: [Apache Tomcat/10.1.19]
2024-04-08T20:45:53.309+02:00  INFO 430872 --- [restartedMain] o.a.c.c.C.[Tomcat].[localhost].[/]       : Initializing Spring embedded WebApplicationContext
2024-04-08T20:45:53.309+02:00  INFO 430872 --- [restartedMain] w.s.c.ServletWebServerApplicationContext : Root WebApplicationContext: initialization completed in 431 ms
2024-04-08T20:45:53.348+02:00  INFO 430872 --- [restartedMain] o.hibernate.jpa.internal.util.LogHelper  : HHH000204: Processing PersistenceUnitInfo [name: default]
2024-04-08T20:45:53.351+02:00  INFO 430872 --- [restartedMain] o.h.c.internal.RegionFactoryInitiator    : HHH000026: Second-level cache disabled
2024-04-08T20:45:53.358+02:00  INFO 430872 --- [restartedMain] o.s.o.j.p.SpringPersistenceUnitInfo      : No LoadTimeWeaver setup: ignoring JPA class transformer
2024-04-08T20:45:53.360+02:00  INFO 430872 --- [restartedMain] com.zaxxer.hikari.HikariDataSource       : HikariPool-2 - Starting...
2024-04-08T20:45:53.364+02:00  INFO 430872 --- [restartedMain] com.zaxxer.hikari.pool.HikariPool        : HikariPool-2 - Added connection org.mariadb.jdbc.Connection@5513cda8
2024-04-08T20:45:53.364+02:00  INFO 430872 --- [restartedMain] com.zaxxer.hikari.HikariDataSource       : HikariPool-2 - Start completed.
2024-04-08T20:45:53.366+02:00  WARN 430872 --- [restartedMain] org.hibernate.orm.deprecation            : HHH90000025: MySQLDialect does not need to be specified explicitly using 'hibernate.dialect' (remove the property setting and it will be selected by default)
2024-04-08T20:45:53.538+02:00  INFO 430872 --- [restartedMain] o.h.e.t.j.p.i.JtaPlatformInitiator       : HHH000489: No JTA platform available (set 'hibernate.transaction.jta.platform' to enable JTA platform integration)
2024-04-08T20:45:53.559+02:00  INFO 430872 --- [restartedMain] j.LocalContainerEntityManagerFactoryBean : Initialized JPA EntityManagerFactory for persistence unit 'default'
2024-04-08T20:45:53.768+02:00  WARN 430872 --- [restartedMain] JpaBaseConfiguration$JpaWebConfiguration : spring.jpa.open-in-view is enabled by default. Therefore, database queries may be performed during view rendering. Explicitly configure spring.jpa.open-in-view to disable this warning
2024-04-08T20:45:53.773+02:00  WARN 430872 --- [restartedMain] .s.s.UserDetailsServiceAutoConfiguration : 

Using generated security password: eec198a0-cf32-448f-802d-4bc08dd23767

This generated password is for development use only. Your security configuration must be updated before running your application in production.

2024-04-08T20:45:53.780+02:00  INFO 430872 --- [restartedMain] o.s.b.a.w.s.WelcomePageHandlerMapping    : Adding welcome page: class path resource [static/dist/index.html]
2024-04-08T20:45:53.831+02:00  INFO 430872 --- [restartedMain] o.s.s.web.DefaultSecurityFilterChain     : Will secure any request with [org.springframework.security.web.session.DisableEncodeUrlFilter@71849e21, org.springframework.security.web.context.request.async.WebAsyncManagerIntegrationFilter@1fa9079c, org.springframework.security.web.context.SecurityContextHolderFilter@57ca91ac, org.springframework.security.web.header.HeaderWriterFilter@74a369bf, org.springframework.web.filter.CorsFilter@1e034832, org.springframework.security.web.authentication.logout.LogoutFilter@66a11c59, team.boerse.tauschboerse.config.CustomTokenFilter@3f1ab75e, org.springframework.security.web.savedrequest.RequestCacheAwareFilter@8ff67e6, org.springframework.security.web.servletapi.SecurityContextHolderAwareRequestFilter@ae4d8da, org.springframework.security.web.authentication.AnonymousAuthenticationFilter@42b97271, org.springframework.security.web.access.ExceptionTranslationFilter@2aa51794, org.springframework.security.web.access.intercept.AuthorizationFilter@399caf4c]
2024-04-08T20:45:53.878+02:00  INFO 430872 --- [restartedMain] o.s.b.d.a.OptionalLiveReloadServer       : LiveReload server is running on port 35729
2024-04-08T20:45:53.887+02:00  INFO 430872 --- [restartedMain] o.s.b.w.embedded.tomcat.TomcatWebServer  : Tomcat started on port 8085 (http) with context path ''
2024-04-08T20:45:53.893+02:00  INFO 430872 --- [restartedMain] t.b.t.TauschboerseApplication            : Started TauschboerseApplication in 1.047 seconds (process running for 214.491)
2024-04-08T20:45:53.895+02:00  INFO 430872 --- [restartedMain] .ConditionEvaluationDeltaLoggingListener : Condition evaluation unchanged
2024-04-08T20:46:43.016+02:00  INFO 430872 --- [File Watcher] rtingClassPathChangeChangedEventListener : Restarting due to 1 class path change (0 additions, 0 deletions, 1 modification)
2024-04-08T20:46:43.029+02:00  INFO 430872 --- [Thread-7] j.LocalContainerEntityManagerFactoryBean : Closing JPA EntityManagerFactory for persistence unit 'default'
2024-04-08T20:46:43.030+02:00  INFO 430872 --- [Thread-7] com.zaxxer.hikari.HikariDataSource       : HikariPool-2 - Shutdown initiated...
2024-04-08T20:46:43.033+02:00  INFO 430872 --- [Thread-7] com.zaxxer.hikari.HikariDataSource       : HikariPool-2 - Shutdown completed.
2024-04-08T20:46:43.122+02:00  INFO 430872 --- [restartedMain] t.b.t.TauschboerseApplication            : Starting TauschboerseApplication using Java 17.0.1 with PID 430872 (C:\boerse\tauschboerse\target\classes started by daysn in C:\boerse\tauschboerse)
2024-04-08T20:46:43.123+02:00  INFO 430872 --- [restartedMain] t.b.t.TauschboerseApplication            : No active profile set, falling back to 1 default profile: "default"
2024-04-08T20:46:43.328+02:00  INFO 430872 --- [restartedMain] .s.d.r.c.RepositoryConfigurationDelegate : Bootstrapping Spring Data JPA repositories in DEFAULT mode.
2024-04-08T20:46:43.349+02:00  INFO 430872 --- [restartedMain] .s.d.r.c.RepositoryConfigurationDelegate : Finished Spring Data repository scanning in 20 ms. Found 5 JPA repository interfaces.
2024-04-08T20:46:43.477+02:00  INFO 430872 --- [restartedMain] o.s.b.w.embedded.tomcat.TomcatWebServer  : Tomcat initialized with port 8085 (http)
2024-04-08T20:46:43.479+02:00  INFO 430872 --- [restartedMain] o.apache.catalina.core.StandardService   : Starting service [Tomcat]
2024-04-08T20:46:43.479+02:00  INFO 430872 --- [restartedMain] o.apache.catalina.core.StandardEngine    : Starting Servlet engine: [Apache Tomcat/10.1.19]
2024-04-08T20:46:43.500+02:00  INFO 430872 --- [restartedMain] o.a.c.c.C.[Tomcat].[localhost].[/]       : Initializing Spring embedded WebApplicationContext
2024-04-08T20:46:43.501+02:00  INFO 430872 --- [restartedMain] w.s.c.ServletWebServerApplicationContext : Root WebApplicationContext: initialization completed in 375 ms
2024-04-08T20:46:43.535+02:00  INFO 430872 --- [restartedMain] o.hibernate.jpa.internal.util.LogHelper  : HHH000204: Processing PersistenceUnitInfo [name: default]
2024-04-08T20:46:43.539+02:00  INFO 430872 --- [restartedMain] o.h.c.internal.RegionFactoryInitiator    : HHH000026: Second-level cache disabled
2024-04-08T20:46:43.545+02:00  INFO 430872 --- [restartedMain] o.s.o.j.p.SpringPersistenceUnitInfo      : No LoadTimeWeaver setup: ignoring JPA class transformer
2024-04-08T20:46:43.547+02:00  INFO 430872 --- [restartedMain] com.zaxxer.hikari.HikariDataSource       : HikariPool-3 - Starting...
2024-04-08T20:46:43.551+02:00  INFO 430872 --- [restartedMain] com.zaxxer.hikari.pool.HikariPool        : HikariPool-3 - Added connection org.mariadb.jdbc.Connection@3313d987
2024-04-08T20:46:43.552+02:00  INFO 430872 --- [restartedMain] com.zaxxer.hikari.HikariDataSource       : HikariPool-3 - Start completed.
2024-04-08T20:46:43.553+02:00  WARN 430872 --- [restartedMain] org.hibernate.orm.deprecation            : HHH90000025: MySQLDialect does not need to be specified explicitly using 'hibernate.dialect' (remove the property setting and it will be selected by default)
2024-04-08T20:46:43.708+02:00  INFO 430872 --- [restartedMain] o.h.e.t.j.p.i.JtaPlatformInitiator       : HHH000489: No JTA platform available (set 'hibernate.transaction.jta.platform' to enable JTA platform integration)
2024-04-08T20:46:43.729+02:00  INFO 430872 --- [restartedMain] j.LocalContainerEntityManagerFactoryBean : Initialized JPA EntityManagerFactory for persistence unit 'default'
2024-04-08T20:46:43.920+02:00  WARN 430872 --- [restartedMain] JpaBaseConfiguration$JpaWebConfiguration : spring.jpa.open-in-view is enabled by default. Therefore, database queries may be performed during view rendering. Explicitly configure spring.jpa.open-in-view to disable this warning
2024-04-08T20:46:43.925+02:00  WARN 430872 --- [restartedMain] .s.s.UserDetailsServiceAutoConfiguration : 

Using generated security password: 480320d9-4478-4df8-bac5-484bcc2100da

This generated password is for development use only. Your security configuration must be updated before running your application in production.

2024-04-08T20:46:43.932+02:00  INFO 430872 --- [restartedMain] o.s.b.a.w.s.WelcomePageHandlerMapping    : Adding welcome page: class path resource [static/dist/index.html]
2024-04-08T20:46:43.978+02:00  INFO 430872 --- [restartedMain] o.s.s.web.DefaultSecurityFilterChain     : Will secure any request with [org.springframework.security.web.session.DisableEncodeUrlFilter@12498c8b, org.springframework.security.web.context.request.async.WebAsyncManagerIntegrationFilter@46ef2055, org.springframework.security.web.context.SecurityContextHolderFilter@dc669e5, org.springframework.security.web.header.HeaderWriterFilter@56c0e8be, org.springframework.web.filter.CorsFilter@504055b0, org.springframework.security.web.authentication.logout.LogoutFilter@74d404cb, team.boerse.tauschboerse.config.CustomTokenFilter@5303270, org.springframework.security.web.savedrequest.RequestCacheAwareFilter@2ae737ca, org.springframework.security.web.servletapi.SecurityContextHolderAwareRequestFilter@1b375bf3, org.springframework.security.web.authentication.AnonymousAuthenticationFilter@2ef0fa6c, org.springframework.security.web.access.ExceptionTranslationFilter@6e6e0ed, org.springframework.security.web.access.intercept.AuthorizationFilter@46d7133f]
2024-04-08T20:46:44.019+02:00  INFO 430872 --- [restartedMain] o.s.b.d.a.OptionalLiveReloadServer       : LiveReload server is running on port 35729
2024-04-08T20:46:44.027+02:00  INFO 430872 --- [restartedMain] o.s.b.w.embedded.tomcat.TomcatWebServer  : Tomcat started on port 8085 (http) with context path ''
2024-04-08T20:46:44.031+02:00  INFO 430872 --- [restartedMain] t.b.t.TauschboerseApplication            : Started TauschboerseApplication in 0.935 seconds (process running for 264.629)
2024-04-08T20:46:44.032+02:00  INFO 430872 --- [restartedMain] .ConditionEvaluationDeltaLoggingListener : Condition evaluation unchanged
2024-04-08T20:47:21.218+02:00  INFO 430872 --- [File Watcher] rtingClassPathChangeChangedEventListener : Restarting due to 3 class path changes (0 additions, 0 deletions, 3 modifications)
2024-04-08T20:47:21.230+02:00  INFO 430872 --- [Thread-11] j.LocalContainerEntityManagerFactoryBean : Closing JPA EntityManagerFactory for persistence unit 'default'
2024-04-08T20:47:21.231+02:00  INFO 430872 --- [Thread-11] com.zaxxer.hikari.HikariDataSource       : HikariPool-3 - Shutdown initiated...
2024-04-08T20:47:21.233+02:00  INFO 430872 --- [Thread-11] com.zaxxer.hikari.HikariDataSource       : HikariPool-3 - Shutdown completed.
2024-04-08T20:47:21.306+02:00  INFO 430872 --- [restartedMain] t.b.t.TauschboerseApplication            : Starting TauschboerseApplication using Java 17.0.1 with PID 430872 (C:\boerse\tauschboerse\target\classes started by daysn in C:\boerse\tauschboerse)
2024-04-08T20:47:21.306+02:00  INFO 430872 --- [restartedMain] t.b.t.TauschboerseApplication            : No active profile set, falling back to 1 default profile: "default"
2024-04-08T20:47:21.521+02:00  INFO 430872 --- [restartedMain] .s.d.r.c.RepositoryConfigurationDelegate : Bootstrapping Spring Data JPA repositories in DEFAULT mode.
2024-04-08T20:47:21.543+02:00  INFO 430872 --- [restartedMain] .s.d.r.c.RepositoryConfigurationDelegate : Finished Spring Data repository scanning in 21 ms. Found 5 JPA repository interfaces.
2024-04-08T20:47:21.661+02:00  INFO 430872 --- [restartedMain] o.s.b.w.embedded.tomcat.TomcatWebServer  : Tomcat initialized with port 8085 (http)
2024-04-08T20:47:21.663+02:00  INFO 430872 --- [restartedMain] o.apache.catalina.core.StandardService   : Starting service [Tomcat]
2024-04-08T20:47:21.663+02:00  INFO 430872 --- [restartedMain] o.apache.catalina.core.StandardEngine    : Starting Servlet engine: [Apache Tomcat/10.1.19]
2024-04-08T20:47:21.686+02:00  INFO 430872 --- [restartedMain] o.a.c.c.C.[Tomcat].[localhost].[/]       : Initializing Spring embedded WebApplicationContext
2024-04-08T20:47:21.687+02:00  INFO 430872 --- [restartedMain] w.s.c.ServletWebServerApplicationContext : Root WebApplicationContext: initialization completed in 377 ms
2024-04-08T20:47:21.723+02:00  INFO 430872 --- [restartedMain] o.hibernate.jpa.internal.util.LogHelper  : HHH000204: Processing PersistenceUnitInfo [name: default]
2024-04-08T20:47:21.727+02:00  INFO 430872 --- [restartedMain] o.h.c.internal.RegionFactoryInitiator    : HHH000026: Second-level cache disabled
2024-04-08T20:47:21.735+02:00  INFO 430872 --- [restartedMain] o.s.o.j.p.SpringPersistenceUnitInfo      : No LoadTimeWeaver setup: ignoring JPA class transformer
2024-04-08T20:47:21.737+02:00  INFO 430872 --- [restartedMain] com.zaxxer.hikari.HikariDataSource       : HikariPool-4 - Starting...
2024-04-08T20:47:21.740+02:00  INFO 430872 --- [restartedMain] com.zaxxer.hikari.pool.HikariPool        : HikariPool-4 - Added connection org.mariadb.jdbc.Connection@20939852
2024-04-08T20:47:21.741+02:00  INFO 430872 --- [restartedMain] com.zaxxer.hikari.HikariDataSource       : HikariPool-4 - Start completed.
2024-04-08T20:47:21.744+02:00  WARN 430872 --- [restartedMain] org.hibernate.orm.deprecation            : HHH90000025: MySQLDialect does not need to be specified explicitly using 'hibernate.dialect' (remove the property setting and it will be selected by default)
2024-04-08T20:47:21.844+02:00  INFO 430872 --- [restartedMain] o.h.e.t.j.p.i.JtaPlatformInitiator       : HHH000489: No JTA platform available (set 'hibernate.transaction.jta.platform' to enable JTA platform integration)
2024-04-08T20:47:21.862+02:00  INFO 430872 --- [restartedMain] j.LocalContainerEntityManagerFactoryBean : Initialized JPA EntityManagerFactory for persistence unit 'default'
2024-04-08T20:47:21.975+02:00  WARN 430872 --- [restartedMain] JpaBaseConfiguration$JpaWebConfiguration : spring.jpa.open-in-view is enabled by default. Therefore, database queries may be performed during view rendering. Explicitly configure spring.jpa.open-in-view to disable this warning
2024-04-08T20:47:21.978+02:00  WARN 430872 --- [restartedMain] .s.s.UserDetailsServiceAutoConfiguration : 

Using generated security password: 5b1b563a-28d0-4cba-9d51-7acc720f0d03

This generated password is for development use only. Your security configuration must be updated before running your application in production.

2024-04-08T20:47:21.981+02:00  INFO 430872 --- [restartedMain] o.s.b.a.w.s.WelcomePageHandlerMapping    : Adding welcome page: class path resource [static/dist/index.html]
2024-04-08T20:47:22.031+02:00  INFO 430872 --- [restartedMain] o.s.s.web.DefaultSecurityFilterChain     : Will secure any request with [org.springframework.security.web.session.DisableEncodeUrlFilter@1ceecf3, org.springframework.security.web.context.request.async.WebAsyncManagerIntegrationFilter@3782f237, org.springframework.security.web.context.SecurityContextHolderFilter@7e0ff481, org.springframework.security.web.header.HeaderWriterFilter@64c7e927, org.springframework.web.filter.CorsFilter@24148402, org.springframework.security.web.authentication.logout.LogoutFilter@631abc09, team.boerse.tauschboerse.config.CustomTokenFilter@6b36c20e, org.springframework.security.web.savedrequest.RequestCacheAwareFilter@12a030ba, org.springframework.security.web.servletapi.SecurityContextHolderAwareRequestFilter@3965bff8, org.springframework.security.web.authentication.AnonymousAuthenticationFilter@5433d93c, org.springframework.security.web.access.ExceptionTranslationFilter@5b5cb75, org.springframework.security.web.access.intercept.AuthorizationFilter@64a29eb2]
2024-04-08T20:47:22.065+02:00  INFO 430872 --- [restartedMain] o.s.b.d.a.OptionalLiveReloadServer       : LiveReload server is running on port 35729
2024-04-08T20:47:22.076+02:00  INFO 430872 --- [restartedMain] o.s.b.w.embedded.tomcat.TomcatWebServer  : Tomcat started on port 8085 (http) with context path ''
2024-04-08T20:47:22.080+02:00  INFO 430872 --- [restartedMain] t.b.t.TauschboerseApplication            : Started TauschboerseApplication in 0.804 seconds (process running for 302.678)
2024-04-08T20:47:22.081+02:00  INFO 430872 --- [restartedMain] .ConditionEvaluationDeltaLoggingListener : Condition evaluation unchanged
2024-04-08T20:48:23.177+02:00  INFO 430872 --- [http-nio-8085-exec-1] o.a.c.c.C.[Tomcat].[localhost].[/]       : Initializing Spring DispatcherServlet 'dispatcherServlet'
2024-04-08T20:48:23.178+02:00  INFO 430872 --- [http-nio-8085-exec-1] o.s.web.servlet.DispatcherServlet        : Initializing Servlet 'dispatcherServlet'
2024-04-08T20:48:23.179+02:00  INFO 430872 --- [http-nio-8085-exec-1] o.s.web.servlet.DispatcherServlet        : Completed initialization in 1 ms
2024-04-08T20:48:34.858+02:00  INFO 430872 --- [http-nio-8085-exec-6] t.boerse.tauschboerse.LoginManagment     : User maximilia1.musterata1@student.hs-rm.de logged in
2024-04-08T20:48:39.877+02:00  INFO 430872 --- [http-nio-8085-exec-10] t.b.tauschboerse.KalenderController      : User maximilia1.musterata1@student.hs-rm.de uploaded a new calendar
2024-04-08T20:49:17.327+02:00  INFO 430872 --- [http-nio-8085-exec-9] t.boerse.tauschboerse.LoginManagment     : User maximilia1.musterata1@student.hs-rm.de logged in
2024-04-08T20:49:30.777+02:00  INFO 430872 --- [http-nio-8085-exec-10] t.boerse.tauschboerse.LoginManagment     : User maximilia100.musterata100@student.hs-rm.de logged in
2024-04-08T20:50:02.123+02:00  INFO 430872 --- [http-nio-8085-exec-4] t.b.tauschboerse.KalenderController      : User maximilia100.musterata100@student.hs-rm.de uploaded a new calendar
2024-04-08T20:50:15.759+02:00  INFO 430872 --- [http-nio-8085-exec-6] t.b.tauschboerse.TauschTerminController  : User maximilia100.musterata100@student.hs-rm.de created an offer for StatWR (-B)
2024-04-08T20:50:23.487+02:00  INFO 430872 --- [http-nio-8085-exec-2] t.b.tauschboerse.TauschTerminController  : User maximilia100.musterata100@student.hs-rm.de created an offer for BS (P-A)
2024-04-08T20:53:10.682+02:00  INFO 430872 --- [SpringApplicationShutdownHook] j.LocalContainerEntityManagerFactoryBean : Closing JPA EntityManagerFactory for persistence unit 'default'
2024-04-08T20:53:10.683+02:00  INFO 430872 --- [SpringApplicationShutdownHook] com.zaxxer.hikari.HikariDataSource       : HikariPool-4 - Shutdown initiated...
2024-04-08T20:53:10.684+02:00  INFO 430872 --- [SpringApplicationShutdownHook] com.zaxxer.hikari.HikariDataSource       : HikariPool-4 - Shutdown completed.
